['165', '166', '167', '168', '169', '17', '170', '171', '172', '173']
9
8
8
8
8
8
8
8
8
8
8
8
8
8
8
8
8
8
8
8
8
8
8
8
8
8
8
8
8
8
8
8
8
8
['2', '20', '200', '201', '202', '203', '204', '206', '207', '208', '209', '210', '211', '212', '213', '217', '218', '219']
5
5
4
5
4
4
4
4
4
5
4
4
4
4
4
4
4
4
4
4
4
4
4
4
4
5
4
4
4
4
4
4
4
4
['22', '220', '221', '222', '225', '23', '234', '239', '24', '240', '245', '249', '25', '250', '251', '255', '256', '26', '262', '264', '269']
4
4
4
4
5
4
4
4
4
4
4
4
4
4
5
4
3
3
4
3
4
4
4
3
4
4
4
4
4
4
4
4
4
4
4
['326', '328', '33', '331', '332', '338', '339', '340', '35', '365', '379', '4', '401', '402', '409']
4
3
2
3
3
2
2
2
2
3
3
2
2
2
3
3
2
2
2
2
3
2
2
2
2
2
2
2
2
2
2
2
2
2
['27', '28', '284', '3', '303', '304', '305', '308', '31', '311', '314', '317', '320', '321', '323']
3
2
2
2
2
2
2
2
2
2
2
2
2
2
2
2
2
2
2
2
2
2
2
2
2
2
2
2
2
2
2
2
2
2
2
['174', '175', '176', '177', '178', '179', '18', '180', '181']
8
6
7
7
7
7
6
7
6
7
8
7
6
6
8
7
7
6
7
6
7
7
6
7
7
7
7
7
7
6
6
7
7
7
7
['41', '411', '412', '414', '500', '501', '502', '503', '504', '507', '509', '511', '512', '514', '516']
7
6
6
6
6
6
6
6
6
6
6
6
6
6
6
6
6
6
6
6
6
6
6
6
6
6
6
6
6
6
6
6
6
6
6
['517', '518', '519', '520', '521', '522', '523', '525', '527', '6', '7', '702', '703', '704', '705']
8
8
8
7
8
7
7
7
8
7
7
7
7
7
7
7
7
7
7
7
7
7
7
7
7
8
7
7
7
7
7
7
7
7

3
3
4
4
4
3
['N34', 'N35', 'N36', 'N37', 'N38', 'N41', 'N42', 'N43', 'N44', 'N45', 'N46', 'N50', 'N56', 'N58', 'N61', 'N62', 'N63']
0
0
0
0
1
0
0
0
0
1
0
0
0
0
0
1
0
0
0
0
0
0
0
0
0
0
0
0
0
0
0
0
0
0
0
['188', '189', '190', '191', '192', '193', '194', '195', '196', '197', '198', '199']
9
9
9
9
9
9
9
9
9
9
9
9
8
8
9
9
9
9
9
8
11
8
8
8
8
9
9
9
9
9
9
8
9
8
8
0
0
1
1
1
1
0
0
1
1
0
0
['L48', 'L49', 'N01', 'N02', 'N03', 'N11', 'N12', 'N13', 'N14', 'N16', 'N21', 'N22', 'N24', 'N25', 'N31', 'N32', 'N33']
0
0
0
1
1
1
0
0
0
1
0
0
0
0
0
1
0
0
0
0
1
0
0
0
0
0
0
0
0
0
0
0
0
0
0
['L30', 'L31', 'L32', 'L33', 'L34', 'L35', 'L36', 'L37', 'L38', 'L39', 'L40', 'L41', 'L42', 'L43', 'L44', 'L45', 'L47']
2
2
1
2
2
1
1
1
2
3
2
1
1
1
2
2
2
1
1
1
2
2
2
1
1
2
2
2
1
1
1
1
2
2
1
['182', '183', '184', '185', '186', '187']
8
7
7
7
8
7
7
7
7
7
7
7
7
7
8
8
7
7
7
7
7
7
7
7
7
7
7
7
7
7
7
7
7
7
7
'L29']
1
1
1
2
2
1
1
1
2
2
1
1
1
1
1
2
1
1
1
1
2
1
1
1
1
1
2
1
1
1
1
1
1
1
1
['154', '156', '157', '158', '159', '160', '161', '162', '163', '164']
8
7
7
8
8
8
7
7
8
8
8
7
7
7
8
8
8
8
8
8
8
8
8
8
8
8
8
8
8
8
8
8
8
8
8
['145', '146', '147', '148', '149', '15', '150', '151', '152', '153']
9
9
10
10
9
9
8
9
10
9
9
8
8
9
9
9
9
9
8
9
9
8
9
9
8
9
9
9
9
9
8
9
9
9
['122', '123', '124', '125', '126', '127', '128', '129', '13', '130', '131', '132', '133']
9
9
10
11
9
9
9
9
10
9
9
9
9
9
10
10
9
9
9
9
9
9
10
9
9
9
9
9
9
10
9
9
9
9
['115', '116', '117', '118', '119', '120', '121']
9
9
10
10
8
9
9
9
10
10
9
9
9
9
9
10
9
9
9
9
9
14
9
9
9
9
9
9
9
9
9
9
8
8
['134', '135', '136', '138', '139', '14', '140', '141', '142', '143']
10
10
11
11
10
10
9
10
10
10
10
9
9
9
10
10
10
10
9
9
9
9
10
9
10
10
10
9
9
10
10
10
9
9
['1', '10', '102', '103', '104', '105', '106', '107', '108', '109', '11', '110', '111', '112', '114']
11
12
11
12
12
11
11
12
12
11
11
11
12
12
11
12
12
12
11
12
11
12
12
12
11
12
11
13
11
11
['N64', 'N66', 'N71', 'N72', 'N81', 'N83', 'N85', 'N86', 'N88', 'N91', 'N95', 'R1', 'R2', 'R3', 'R6', 'R7', 'R8', 'R9', 'RL', 'S1', 'S2', 'S3', 'S9', 'S90', 'WKD', 'ZM1']
0
1
0
0
0
0
0
1
0
0
0
0
0
0
0
0
0
0
0
0
0
0
0
0
0
0
0
0
0
0
0
0
0
0
0
